00:30:42 **** Build of configuration Default for project pdcalc ****
make -j all 
g++  -Wall -std=c++11 -g -O0  -c -o lexer/lexer.o lexer/lexer.cpp
lexer/lexer.cpp: In member function ‘void Lexer::accept()’:
lexer/lexer.cpp:29:35: error: no matching function for call to ‘std::vector<std::pair<std::__cxx11::basic_string<char>, Lexstate> >::push_back(std::__cxx11::string&, Lexstate&)’
  tokens.push_back(tokentext, state);
                                   ^
In file included from /usr/include/c++/6/vector:64:0,
                 from lexer/lexer.h:4,
                 from lexer/lexer.cpp:3:
/usr/include/c++/6/bits/stl_vector.h:914:7: note: candidate: void std::vector<_Tp, _Alloc>::push_back(const value_type&) [with _Tp = std::pair<std::__cxx11::basic_string<char>, Lexstate>; _Alloc = std::allocator<std::pair<std::__cxx11::basic_string<char>, Lexstate> >; std::vector<_Tp, _Alloc>::value_type = std::pair<std::__cxx11::basic_string<char>, Lexstate>]
       push_back(const value_type& __x)
       ^~~~~~~~~
/usr/include/c++/6/bits/stl_vector.h:914:7: note:   candidate expects 1 argument, 2 provided
/usr/include/c++/6/bits/stl_vector.h:932:7: note: candidate: void std::vector<_Tp, _Alloc>::push_back(std::vector<_Tp, _Alloc>::value_type&&) [with _Tp = std::pair<std::__cxx11::basic_string<char>, Lexstate>; _Alloc = std::allocator<std::pair<std::__cxx11::basic_string<char>, Lexstate> >; std::vector<_Tp, _Alloc>::value_type = std::pair<std::__cxx11::basic_string<char>, Lexstate>]
       push_back(value_type&& __x)
       ^~~~~~~~~
/usr/include/c++/6/bits/stl_vector.h:932:7: note:   candidate expects 1 argument, 2 provided
lexer/lexer.cpp:31:2: error: ‘pos’ was not declared in this scope
  pos++;
  ^~~
lexer/lexer.cpp: In member function ‘char Lexer::lookahead()’:
lexer/lexer.cpp:37:18: error: ‘pos’ was not declared in this scope
   return line.at(pos + 1);
                  ^~~
lexer/lexer.cpp:38:16: error: ‘out_of_range’ in namespace ‘std’ does not name a type
  } catch (std::out_of_range e) {
                ^~~~~~~~~~~~
make: *** [lexer/lexer.o] Error 1
<builtin>: recipe for target 'lexer/lexer.o' failed
00:30:53 **** Incremental Build of configuration Default for project pdcalc ****
make all 
g++  -Wall -std=c++11 -g -O0  -c -o lexer/lexer.o lexer/lexer.cpp
lexer/lexer.cpp: In member function ‘void Lexer::accept()’:
lexer/lexer.cpp:30:35: error: no matching function for call to ‘std::vector<std::pair<std::__cxx11::basic_string<char>, Lexstate> >::push_back(std::__cxx11::string&, Lexstate&)’
  tokens.push_back(tokentext, state);
                                   ^
In file included from /usr/include/c++/6/vector:64:0,
                 from lexer/lexer.h:4,
                 from lexer/lexer.cpp:4:
/usr/include/c++/6/bits/stl_vector.h:914:7: note: candidate: void std::vector<_Tp, _Alloc>::push_back(const value_type&) [with _Tp = std::pair<std::__cxx11::basic_string<char>, Lexstate>; _Alloc = std::allocator<std::pair<std::__cxx11::basic_string<char>, Lexstate> >; std::vector<_Tp, _Alloc>::value_type = std::pair<std::__cxx11::basic_string<char>, Lexstate>]
       push_back(const value_type& __x)
       ^~~~~~~~~
/usr/include/c++/6/bits/stl_vector.h:914:7: note:   candidate expects 1 argument, 2 provided
/usr/include/c++/6/bits/stl_vector.h:932:7: note: candidate: void std::vector<_Tp, _Alloc>::push_back(std::vector<_Tp, _Alloc>::value_type&&) [with _Tp = std::pair<std::__cxx11::basic_string<char>, Lexstate>; _Alloc = std::allocator<std::pair<std::__cxx11::basic_string<char>, Lexstate> >; std::vector<_Tp, _Alloc>::value_type = std::pair<std::__cxx11::basic_string<char>, Lexstate>]
       push_back(value_type&& __x)
       ^~~~~~~~~
/usr/include/c++/6/bits/stl_vector.h:932:7: note:   candidate expects 1 argument, 2 provided
lexer/lexer.cpp:32:2: error: ‘pos’ was not declared in this scope
  pos++;
  ^~~
lexer/lexer.cpp: In member function ‘char Lexer::lookahead()’:
lexer/lexer.cpp:38:18: error: ‘pos’ was not declared in this scope
   return line.at(pos + 1);
                  ^~~
lexer/lexer.cpp:39:16: error: ‘out_of_range’ in namespace ‘std’ does not name a type
  } catch (std::out_of_range e) {
                ^~~~~~~~~~~~
<builtin>: recipe for target 'lexer/lexer.o' failed
make: *** [lexer/lexer.o] Error 1
00:31:51 **** Incremental Build of configuration Default for project pdcalc ****
make all 
g++  -Wall -std=c++11 -g -O0  -c -o pdcalc.o pdcalc.cpp
g++  -Wall -std=c++11 -g -O0  -c -o lexer/lexer.o lexer/lexer.cpp
lexer/lexer.cpp: In member function ‘void Lexer::accept()’:
lexer/lexer.cpp:31:35: error: no matching function for call to ‘std::vector<std::pair<std::__cxx11::basic_string<char>, Lexstate> >::push_back(std::__cxx11::string&, Lexstate&)’
  tokens.push_back(tokentext, state);
                                   ^
In file included from /usr/include/c++/6/vector:64:0,
                 from lexer/lexer.h:4,
                 from lexer/lexer.cpp:4:
/usr/include/c++/6/bits/stl_vector.h:914:7: note: candidate: void std::vector<_Tp, _Alloc>::push_back(const value_type&) [with _Tp = std::pair<std::__cxx11::basic_string<char>, Lexstate>; _Alloc = std::allocator<std::pair<std::__cxx11::basic_string<char>, Lexstate> >; std::vector<_Tp, _Alloc>::value_type = std::pair<std::__cxx11::basic_string<char>, Lexstate>]
       push_back(const value_type& __x)
       ^~~~~~~~~
/usr/include/c++/6/bits/stl_vector.h:914:7: note:   candidate expects 1 argument, 2 provided
/usr/include/c++/6/bits/stl_vector.h:932:7: note: candidate: void std::vector<_Tp, _Alloc>::push_back(std::vector<_Tp, _Alloc>::value_type&&) [with _Tp = std::pair<std::__cxx11::basic_string<char>, Lexstate>; _Alloc = std::allocator<std::pair<std::__cxx11::basic_string<char>, Lexstate> >; std::vector<_Tp, _Alloc>::value_type = std::pair<std::__cxx11::basic_string<char>, Lexstate>]
       push_back(value_type&& __x)
       ^~~~~~~~~
/usr/include/c++/6/bits/stl_vector.h:932:7: note:   candidate expects 1 argument, 2 provided
lexer/lexer.cpp: In member function ‘char Lexer::lookahead()’:
lexer/lexer.cpp:40:16: error: ‘out_of_range’ in namespace ‘std’ does not name a type
  } catch (std::out_of_range e) {
                ^~~~~~~~~~~~
<builtin>: recipe for target 'lexer/lexer.o' failed
make: *** [lexer/lexer.o] Error 1
00:32:11 **** Incremental Build of configuration Default for project pdcalc ****
make all 
g++  -Wall -std=c++11 -g -O0  -c -o lexer/lexer.o lexer/lexer.cpp
lexer/lexer.cpp: In member function ‘void Lexer::accept()’:
lexer/lexer.cpp:32:35: error: no matching function for call to ‘std::vector<std::pair<std::__cxx11::basic_string<char>, Lexstate> >::push_back(std::__cxx11::string&, Lexstate&)’
  tokens.push_back(tokentext, state);
                                   ^
In file included from /usr/include/c++/6/vector:64:0,
                 from lexer/lexer.cpp:3:
/usr/include/c++/6/bits/stl_vector.h:914:7: note: candidate: void std::vector<_Tp, _Alloc>::push_back(const value_type&) [with _Tp = std::pair<std::__cxx11::basic_string<char>, Lexstate>; _Alloc = std::allocator<std::pair<std::__cxx11::basic_string<char>, Lexstate> >; std::vector<_Tp, _Alloc>::value_type = std::pair<std::__cxx11::basic_string<char>, Lexstate>]
       push_back(const value_type& __x)
       ^~~~~~~~~
/usr/include/c++/6/bits/stl_vector.h:914:7: note:   candidate expects 1 argument, 2 provided
/usr/include/c++/6/bits/stl_vector.h:932:7: note: candidate: void std::vector<_Tp, _Alloc>::push_back(std::vector<_Tp, _Alloc>::value_type&&) [with _Tp = std::pair<std::__cxx11::basic_string<char>, Lexstate>; _Alloc = std::allocator<std::pair<std::__cxx11::basic_string<char>, Lexstate> >; std::vector<_Tp, _Alloc>::value_type = std::pair<std::__cxx11::basic_string<char>, Lexstate>]
       push_back(value_type&& __x)
       ^~~~~~~~~
/usr/include/c++/6/bits/stl_vector.h:932:7: note:   candidate expects 1 argument, 2 provided
lexer/lexer.cpp: In member function ‘char Lexer::lookahead()’:
lexer/lexer.cpp:41:16: error: ‘out_of_range’ in namespace ‘std’ does not name a type
  } catch (std::out_of_range e) {
                ^~~~~~~~~~~~
make: *** [lexer/lexer.o] Error 1
<builtin>: recipe for target 'lexer/lexer.o' failed
00:32:52 **** Incremental Build of configuration Default for project pdcalc ****
make all 
g++  -Wall -std=c++11 -g -O0  -c -o lexer/lexer.o lexer/lexer.cpp
lexer/lexer.cpp: In member function ‘void Lexer::accept()’:
lexer/lexer.cpp:32:28: error: missing template arguments before ‘(’ token
  tokens.push_back(std::pair(tokentext, state));
                            ^
lexer/lexer.cpp: In member function ‘char Lexer::lookahead()’:
lexer/lexer.cpp:41:16: error: ‘out_of_range’ in namespace ‘std’ does not name a type
  } catch (std::out_of_range e) {
                ^~~~~~~~~~~~
<builtin>: recipe for target 'lexer/lexer.o' failed
make: *** [lexer/lexer.o] Error 1
00:33:46 **** Incremental Build of configuration Default for project pdcalc ****
make all 
g++  -Wall -std=c++11 -g -O0  -c -o lexer/lexer.o lexer/lexer.cpp
lexer/lexer.cpp: In member function ‘char Lexer::lookahead()’:
lexer/lexer.cpp:41:16: error: ‘out_of_range’ in namespace ‘std’ does not name a type
  } catch (std::out_of_range e) {
                ^~~~~~~~~~~~
make: *** [lexer/lexer.o] Error 1
<builtin>: recipe for target 'lexer/lexer.o' failed
00:34:52 **** Incremental Build of configuration Default for project pdcalc ****
make all 
g++  -Wall -std=c++11 -g -O0  -c -o lexer/lexer.o lexer/lexer.cpp
lexer/lexer.cpp: In member function ‘char Lexer::lookahead()’:
lexer/lexer.cpp:41:16: error: ‘out_of_range’ in namespace ‘std’ does not name a type
  } catch (std::out_of_range &e) {
                ^~~~~~~~~~~~
make: *** [lexer/lexer.o] Error 1
<builtin>: recipe for target 'lexer/lexer.o' failed
00:37:02 **** Incremental Build of configuration Default for project pdcalc ****
make all 
g++  -Wall -std=c++11 -g -O0  -c -o lexer/lexer.o lexer/lexer.cpp
lexer/lexer.cpp: In member function ‘char Lexer::lookahead()’:
lexer/lexer.cpp:41:35: error: expected unqualified-id before ‘&’ token
  } catch (const std::out_of_range &e) {
                                   ^
lexer/lexer.cpp:41:35: error: expected ‘)’ before ‘&’ token
lexer/lexer.cpp:41:35: error: expected ‘{’ before ‘&’ token
lexer/lexer.cpp:41:36: error: ‘e’ was not declared in this scope
  } catch (const std::out_of_range &e) {
                                    ^
<builtin>: recipe for target 'lexer/lexer.o' failed
make: *** [lexer/lexer.o] Error 1
00:37:18 **** Incremental Build of configuration Default for project pdcalc ****
make all 
g++  -Wall -std=c++11 -g -O0  -c -o lexer/lexer.o lexer/lexer.cpp
g++ -L /usr/lib/x86_64-linux-gnu pdcalc.o stack_element.o lexer/lexer.o lexer/start.o -o pdcalc -Wl,-Bdynamic -lgmp -lgmpxx -lreadline
Mon Jun 26 00:37:18 CDT 2017
make all complete
00:41:22 **** Incremental Build of configuration Default for project pdcalc ****
make all 
g++  -Wall -std=c++11 -g -O0  -c -o pdcalc.o pdcalc.cpp
g++  -Wall -std=c++11 -g -O0  -c -o lexer/lexer.o lexer/lexer.cpp
g++  -Wall -std=c++11 -g -O0  -c -o lexer/start.o lexer/start.cpp
lexer/start.cpp:3:1: error: definition of explicitly-defaulted ‘Start::Start()’
 Start::Start(void) {
 ^~~~~
In file included from lexer/start.cpp:1:0:
lexer/start.h:10:2: error: ‘Start::Start()’ explicitly defaulted here
  Start(void) = default;
  ^~~~~
<builtin>: recipe for target 'lexer/start.o' failed
make: *** [lexer/start.o] Error 1
00:41:36 **** Incremental Build of configuration Default for project pdcalc ****
make all 
g++  -Wall -std=c++11 -g -O0  -c -o lexer/start.o lexer/start.cpp
g++ -L /usr/lib/x86_64-linux-gnu pdcalc.o stack_element.o lexer/lexer.o lexer/start.o -o pdcalc -Wl,-Bdynamic -lgmp -lgmpxx -lreadline
Mon Jun 26 00:41:36 CDT 2017
make all complete
